<?xml version="1.0" encoding="UTF-8"?>
<testsuite xmlns:xsi="http://www.w3.org/2001/XMLSchema-instance" xsi:noNamespaceSchemaLocation="https://maven.apache.org/surefire/maven-surefire-plugin/xsd/surefire-test-report-3.0.xsd" version="3.0" name="TestSuite" time="9.976" tests="10" errors="0" skipped="0" failures="0">
  <properties>
[...]
</properties>
  <testcase name="testcase002" classname="testcases.TestClass" time="0.525">
    <system-out><![CDATA[[TestNGContentHandler] [WARN] It is strongly recommended to add "<!DOCTYPE suite SYSTEM "https://testng.org/testng-1.0.dtd" >" at the top of your file, otherwise TestNG may fail or not work as expected.
]]></system-out>
    <system-err><![CDATA[SLF4J: Failed to load class "org.slf4j.impl.StaticLoggerBinder".
SLF4J: Defaulting to no-operation (NOP) logger implementation
SLF4J: See http://www.slf4j.org/codes.html#StaticLoggerBinder for further details.
log4j:WARN No appenders could be found for logger (io.netty.util.internal.logging.InternalLoggerFactory).
log4j:WARN Please initialize the log4j system properly.
log4j:WARN See http://logging.apache.org/log4j/1.2/faq.html#noconfig for more info.
Starting ChromeDriver 109.0.5414.74 (e7c5703604daa9cc128ccf5a5d3e993513758913-refs/branch-heads/5414@{#1172}) on port 28872
Only local connections are allowed.
Please see https://chromedriver.chromium.org/security-considerations for suggestions on keeping ChromeDriver safe.
ChromeDriver was started successfully.
Jan 18, 2023 1:52:07 PM org.openqa.selenium.devtools.CdpVersionFinder findNearestMatch
WARNING: Unable to find an exact match for CDP version 109, so returning the closest version found: 107
]]></system-err>
  </testcase>
  <testcase name="testcase003" classname="testcases.TestClass" time="0.033"/>
  <testcase name="testcase004" classname="testcases.TestClass" time="0.406">
    <system-out><![CDATA[TVO Today | Current Affairs Journalism, Documentaries and Podcasts
]]></system-out>
  </testcase>
  <testcase name="testcase005" classname="testcases.TestClass" time="0.081"/>
  <testcase name="testcase006" classname="testcases.TestClass" time="3.338">
    <system-out><![CDATA[true
]]></system-out>
  </testcase>
  <testcase name="testcase008" classname="testcases.TestClass" time="0.018">
    <system-out><![CDATA[none solid rgb(255, 255, 255)
]]></system-out>
  </testcase>
  <testcase name="testcase009" classname="testcases.TestClass" time="0.148">
    <system-out><![CDATA[underline solid rgb(255, 255, 255)
]]></system-out>
  </testcase>
  <testcase name="testcase010" classname="testcases.TestClass" time="0.021"/>
  <testcase name="testcase011" classname="testcases.TestClass" time="0.092"/>
  <testcase name="testcase012" classname="testcases.TestClass" time="0.08"/>
</testsuite>