<?xml version="1.0" encoding="UTF-8"?>
<!-- Generated by org.testng.reporters.JUnitXMLReporter -->
<testsuite hostname="LAPTOP-4USODC46" ignored="0" name="Login Test" tests="10" failures="0" timestamp="2023-01-18T13:52:15 EST" time="9.576" errors="0">
  <testcase name="testcase002" time="0.521" classname="testcases.TestClass"/>
  <testcase name="testcase003" time="0.034" classname="testcases.TestClass"/>
  <testcase name="testcase004" time="0.405" classname="testcases.TestClass"/>
  <testcase name="testcase005" time="0.081" classname="testcases.TestClass"/>
  <testcase name="testcase006" time="3.337" classname="testcases.TestClass"/>
  <testcase name="testcase008" time="0.015" classname="testcases.TestClass"/>
  <testcase name="testcase009" time="0.148" classname="testcases.TestClass"/>
  <testcase name="testcase010" time="0.024" classname="testcases.TestClass"/>
  <testcase name="testcase011" time="0.092" classname="testcases.TestClass"/>
  <testcase name="testcase012" time="0.081" classname="testcases.TestClass"/>
</testsuite> <!-- Login Test -->
